TN:
SF:config.js
FN:4,required
FNF:1
FNH:1
FNDA:18,required
DA:1,1
DA:2,1
DA:3,1
DA:4,18
DA:5,18
DA:6,18
DA:7,0
DA:8,0
DA:9,18
DA:10,18
DA:11,1
DA:12,1
DA:13,1
DA:14,1
DA:15,1
DA:16,1
DA:17,1
DA:18,1
DA:19,1
DA:20,1
DA:21,1
DA:22,1
DA:23,1
DA:24,1
DA:25,1
DA:26,1
DA:27,1
DA:28,1
DA:29,1
DA:30,1
LF:30
LH:28
BRDA:4,0,0,18
BRDA:5,1,0,2
BRDA:6,2,0,0
BRF:3
BRH:2
end_of_record
TN:
SF:data/auth.js
FN:35,findByUsername
FN:39,findById
FN:43,createUser
FNF:3
FNH:0
FNDA:0,findByUsername
FNDA:0,findById
FNDA:0,createUser
DA:1,1
DA:2,1
DA:3,1
DA:4,1
DA:5,1
DA:6,1
DA:7,1
DA:8,1
DA:9,1
DA:10,1
DA:11,1
DA:12,1
DA:13,1
DA:14,1
DA:15,1
DA:16,1
DA:17,1
DA:18,1
DA:19,1
DA:20,1
DA:21,1
DA:22,1
DA:23,1
DA:24,1
DA:25,1
DA:26,1
DA:27,1
DA:28,1
DA:29,1
DA:30,1
DA:31,1
DA:32,1
DA:33,1
DA:34,1
DA:35,1
DA:36,0
DA:37,0
DA:38,1
DA:39,1
DA:40,0
DA:41,0
DA:42,1
DA:43,1
DA:44,0
DA:45,0
LF:45
LH:39
BRF:0
BRH:0
end_of_record
TN:
SF:db/database.js
FNF:0
FNH:0
DA:1,1
DA:2,1
DA:3,1
DA:4,1
DA:5,1
DA:6,1
DA:7,1
DA:8,1
DA:9,1
LF:9
LH:9
BRF:0
BRH:0
end_of_record
TN:
SF:middleware/auth.js
FN:7,isAuth
FNF:1
FNH:1
FNDA:5,isAuth
DA:1,1
DA:2,1
DA:3,1
DA:4,1
DA:5,1
DA:6,1
DA:7,1
DA:8,5
DA:9,5
DA:10,2
DA:11,2
DA:12,3
DA:13,3
DA:14,3
DA:15,3
DA:16,1
DA:17,1
DA:18,2
DA:19,3
DA:20,1
DA:21,1
DA:22,1
DA:23,1
DA:24,1
DA:25,3
DA:26,3
LF:26
LH:26
BRDA:7,0,0,5
BRDA:9,1,0,4
BRDA:9,2,0,2
BRDA:11,3,0,3
BRDA:14,4,0,3
BRDA:15,5,0,1
BRDA:17,6,0,2
BRDA:19,7,0,1
BRF:8
BRH:8
end_of_record
