TN:
SF:stack.js
FN:3,Stack
FN:8,size
FN:12,push
FN:20,pop
FN:30,peek
FNF:5
FNH:5
FNDA:6,Stack
FNDA:8,size
FNDA:6,push
FNDA:3,pop
FNDA:2,peek
DA:1,1
DA:2,1
DA:3,1
DA:4,6
DA:5,6
DA:6,6
DA:7,1
DA:8,1
DA:9,8
DA:10,8
DA:11,1
DA:12,1
DA:13,6
DA:14,6
DA:15,6
DA:16,6
DA:17,6
DA:18,6
DA:19,1
DA:20,1
DA:21,3
DA:22,1
DA:23,1
DA:24,2
DA:25,2
DA:26,2
DA:27,2
DA:28,2
DA:29,1
DA:30,1
DA:31,2
DA:32,1
DA:33,1
DA:34,1
DA:35,1
DA:36,1
DA:37,1
DA:38,1
LF:38
LH:38
BRDA:3,0,0,6
BRDA:8,1,0,8
BRDA:12,2,0,6
BRDA:20,3,0,3
BRDA:21,4,0,1
BRDA:23,5,0,2
BRDA:30,6,0,2
BRDA:31,7,0,1
BRF:8
BRH:8
end_of_record
